<?xml version="1.0" encoding="UTF-8"?>
<coverage generated="1680133347522" clover="3.2.0">
  <project timestamp="1680133347522" name="All files">
    <metrics statements="51" coveredstatements="39" conditionals="35" coveredconditionals="24" methods="3" coveredmethods="3" elements="89" coveredelements="66" complexity="0" loc="51" ncloc="51" packages="1" files="1" classes="1"/>
    <file name="viagem.js" path="C:\dev\node\testes\viagem.js">
      <metrics statements="51" coveredstatements="39" conditionals="35" coveredconditionals="24" methods="3" coveredmethods="3"/>
      <line num="2" count="2" type="stmt"/>
      <line num="3" count="2" type="cond" truecount="2" falsecount="1"/>
      <line num="5" count="1" type="stmt"/>
      <line num="7" count="1" type="stmt"/>
      <line num="9" count="0" type="stmt"/>
      <line num="10" count="0" type="stmt"/>
      <line num="15" count="1" type="stmt"/>
      <line num="16" count="1" type="stmt"/>
      <line num="17" count="5" type="cond" truecount="1" falsecount="1"/>
      <line num="21" count="0" type="stmt"/>
      <line num="22" count="5" type="cond" truecount="1" falsecount="1"/>
      <line num="23" count="0" type="stmt"/>
      <line num="27" count="0" type="stmt"/>
      <line num="30" count="1" type="stmt"/>
      <line num="31" count="1" type="stmt"/>
      <line num="32" count="1" type="stmt"/>
      <line num="33" count="1" type="stmt"/>
      <line num="34" count="5" type="cond" truecount="1" falsecount="1"/>
      <line num="38" count="0" type="stmt"/>
      <line num="39" count="5" type="cond" truecount="2" falsecount="0"/>
      <line num="40" count="2" type="stmt"/>
      <line num="41" count="3" type="cond" truecount="1" falsecount="1"/>
      <line num="42" count="3" type="stmt"/>
      <line num="45" count="1" type="cond" truecount="1" falsecount="1"/>
      <line num="46" count="1" type="stmt"/>
      <line num="47" count="0" type="cond" truecount="0" falsecount="2"/>
      <line num="48" count="0" type="stmt"/>
      <line num="50" count="0" type="stmt"/>
      <line num="55" count="1" type="stmt"/>
      <line num="56" count="1" type="stmt"/>
      <line num="57" count="5" type="cond" truecount="1" falsecount="1"/>
      <line num="61" count="0" type="stmt"/>
      <line num="62" count="5" type="cond" truecount="1" falsecount="1"/>
      <line num="63" count="0" type="stmt"/>
      <line num="67" count="0" type="stmt"/>
      <line num="69" count="1" type="stmt"/>
      <line num="70" count="1" type="stmt"/>
      <line num="71" count="1" type="stmt"/>
      <line num="72" count="5" type="cond" truecount="2" falsecount="0"/>
      <line num="73" count="2" type="stmt"/>
      <line num="74" count="3" type="cond" truecount="1" falsecount="1"/>
      <line num="75" count="3" type="stmt"/>
      <line num="78" count="1" type="stmt"/>
      <line num="79" count="1" type="stmt"/>
      <line num="80" count="1" type="stmt"/>
      <line num="81" count="8" type="cond" truecount="4" falsecount="0"/>
      <line num="82" count="1" type="stmt"/>
      <line num="83" count="1" type="stmt"/>
      <line num="85" count="7" type="stmt"/>
      <line num="88" count="1" type="stmt"/>
      <line num="91" count="1" type="stmt"/>
    </file>
  </project>
</coverage>
