{"C:\\dev\\node\\testes\\viagem.js": {"path":"C:\\dev\\node\\testes\\viagem.js","statementMap":{"0":{"start":{"line":2,"column":15},"end":{"line":2,"column":24}},"1":{"start":{"line":3,"column":2},"end":{"line":11,"column":3}},"2":{"start":{"line":5,"column":6},"end":{"line":5,"column":39}},"3":{"start":{"line":7,"column":6},"end":{"line":7,"column":39}},"4":{"start":{"line":9,"column":6},"end":{"line":9,"column":50}},"5":{"start":{"line":10,"column":6},"end":{"line":10,"column":12}},"6":{"start":{"line":15,"column":2},"end":{"line":28,"column":3}},"7":{"start":{"line":16,"column":4},"end":{"line":25,"column":5}},"8":{"start":{"line":16,"column":17},"end":{"line":16,"column":18}},"9":{"start":{"line":17,"column":6},"end":{"line":24,"column":7}},"10":{"start":{"line":21,"column":8},"end":{"line":21,"column":52}},"11":{"start":{"line":22,"column":13},"end":{"line":24,"column":7}},"12":{"start":{"line":23,"column":8},"end":{"line":23,"column":59}},"13":{"start":{"line":27,"column":4},"end":{"line":27,"column":23}},"14":{"start":{"line":30,"column":17},"end":{"line":30,"column":18}},"15":{"start":{"line":31,"column":16},"end":{"line":31,"column":17}},"16":{"start":{"line":32,"column":16},"end":{"line":32,"column":34}},"17":{"start":{"line":33,"column":2},"end":{"line":44,"column":3}},"18":{"start":{"line":33,"column":15},"end":{"line":33,"column":16}},"19":{"start":{"line":34,"column":4},"end":{"line":43,"column":5}},"20":{"start":{"line":38,"column":6},"end":{"line":38,"column":59}},"21":{"start":{"line":39,"column":11},"end":{"line":43,"column":5}},"22":{"start":{"line":40,"column":6},"end":{"line":40,"column":16}},"23":{"start":{"line":41,"column":11},"end":{"line":43,"column":5}},"24":{"start":{"line":42,"column":6},"end":{"line":42,"column":17}},"25":{"start":{"line":45,"column":2},"end":{"line":51,"column":3}},"26":{"start":{"line":46,"column":4},"end":{"line":46,"column":36}},"27":{"start":{"line":47,"column":9},"end":{"line":51,"column":3}},"28":{"start":{"line":48,"column":4},"end":{"line":48,"column":36}},"29":{"start":{"line":50,"column":4},"end":{"line":50,"column":36}},"30":{"start":{"line":55,"column":2},"end":{"line":68,"column":3}},"31":{"start":{"line":56,"column":4},"end":{"line":65,"column":5}},"32":{"start":{"line":56,"column":17},"end":{"line":56,"column":18}},"33":{"start":{"line":57,"column":6},"end":{"line":64,"column":7}},"34":{"start":{"line":61,"column":8},"end":{"line":61,"column":52}},"35":{"start":{"line":62,"column":13},"end":{"line":64,"column":7}},"36":{"start":{"line":63,"column":8},"end":{"line":63,"column":66}},"37":{"start":{"line":67,"column":4},"end":{"line":67,"column":23}},"38":{"start":{"line":69,"column":17},"end":{"line":69,"column":18}},"39":{"start":{"line":70,"column":16},"end":{"line":70,"column":17}},"40":{"start":{"line":71,"column":2},"end":{"line":77,"column":3}},"41":{"start":{"line":71,"column":15},"end":{"line":71,"column":16}},"42":{"start":{"line":72,"column":4},"end":{"line":76,"column":5}},"43":{"start":{"line":73,"column":6},"end":{"line":73,"column":16}},"44":{"start":{"line":74,"column":11},"end":{"line":76,"column":5}},"45":{"start":{"line":75,"column":6},"end":{"line":75,"column":17}},"46":{"start":{"line":78,"column":22},"end":{"line":78,"column":23}},"47":{"start":{"line":79,"column":25},"end":{"line":79,"column":26}},"48":{"start":{"line":80,"column":2},"end":{"line":87,"column":3}},"49":{"start":{"line":80,"column":15},"end":{"line":80,"column":16}},"50":{"start":{"line":81,"column":4},"end":{"line":86,"column":5}},"51":{"start":{"line":82,"column":6},"end":{"line":82,"column":52}},"52":{"start":{"line":83,"column":6},"end":{"line":83,"column":25}},"53":{"start":{"line":85,"column":6},"end":{"line":85,"column":52}},"54":{"start":{"line":88,"column":2},"end":{"line":88,"column":23}},"55":{"start":{"line":91,"column":0},"end":{"line":91,"column":65}}},"fnMap":{"0":{"name":"gastoCombutivel","decl":{"start":{"line":1,"column":9},"end":{"line":1,"column":24}},"loc":{"start":{"line":1,"column":46},"end":{"line":12,"column":1}},"line":1},"1":{"name":"qntParadas","decl":{"start":{"line":14,"column":9},"end":{"line":14,"column":19}},"loc":{"start":{"line":14,"column":49},"end":{"line":52,"column":1}},"line":14},"2":{"name":"valorRefeicoes","decl":{"start":{"line":54,"column":9},"end":{"line":54,"column":23}},"loc":{"start":{"line":54,"column":50},"end":{"line":89,"column":1}},"line":54}},"branchMap":{"0":{"loc":{"start":{"line":3,"column":2},"end":{"line":11,"column":3}},"type":"switch","locations":[{"start":{"line":4,"column":4},"end":{"line":5,"column":39}},{"start":{"line":6,"column":4},"end":{"line":7,"column":39}},{"start":{"line":8,"column":4},"end":{"line":10,"column":12}}],"line":3},"1":{"loc":{"start":{"line":17,"column":6},"end":{"line":24,"column":7}},"type":"if","locations":[{"start":{"line":17,"column":6},"end":{"line":24,"column":7}},{"start":{"line":22,"column":13},"end":{"line":24,"column":7}}],"line":17},"2":{"loc":{"start":{"line":18,"column":8},"end":{"line":19,"column":46}},"type":"binary-expr","locations":[{"start":{"line":18,"column":8},"end":{"line":18,"column":41}},{"start":{"line":19,"column":8},"end":{"line":19,"column":46}}],"line":18},"3":{"loc":{"start":{"line":22,"column":13},"end":{"line":24,"column":7}},"type":"if","locations":[{"start":{"line":22,"column":13},"end":{"line":24,"column":7}},{"start":{},"end":{}}],"line":22},"4":{"loc":{"start":{"line":34,"column":4},"end":{"line":43,"column":5}},"type":"if","locations":[{"start":{"line":34,"column":4},"end":{"line":43,"column":5}},{"start":{"line":39,"column":11},"end":{"line":43,"column":5}}],"line":34},"5":{"loc":{"start":{"line":35,"column":6},"end":{"line":36,"column":44}},"type":"binary-expr","locations":[{"start":{"line":35,"column":6},"end":{"line":35,"column":39}},{"start":{"line":36,"column":6},"end":{"line":36,"column":44}}],"line":35},"6":{"loc":{"start":{"line":39,"column":11},"end":{"line":43,"column":5}},"type":"if","locations":[{"start":{"line":39,"column":11},"end":{"line":43,"column":5}},{"start":{"line":41,"column":11},"end":{"line":43,"column":5}}],"line":39},"7":{"loc":{"start":{"line":41,"column":11},"end":{"line":43,"column":5}},"type":"if","locations":[{"start":{"line":41,"column":11},"end":{"line":43,"column":5}},{"start":{},"end":{}}],"line":41},"8":{"loc":{"start":{"line":45,"column":2},"end":{"line":51,"column":3}},"type":"if","locations":[{"start":{"line":45,"column":2},"end":{"line":51,"column":3}},{"start":{"line":47,"column":9},"end":{"line":51,"column":3}}],"line":45},"9":{"loc":{"start":{"line":47,"column":9},"end":{"line":51,"column":3}},"type":"if","locations":[{"start":{"line":47,"column":9},"end":{"line":51,"column":3}},{"start":{"line":49,"column":9},"end":{"line":51,"column":3}}],"line":47},"10":{"loc":{"start":{"line":57,"column":6},"end":{"line":64,"column":7}},"type":"if","locations":[{"start":{"line":57,"column":6},"end":{"line":64,"column":7}},{"start":{"line":62,"column":13},"end":{"line":64,"column":7}}],"line":57},"11":{"loc":{"start":{"line":58,"column":8},"end":{"line":59,"column":46}},"type":"binary-expr","locations":[{"start":{"line":58,"column":8},"end":{"line":58,"column":41}},{"start":{"line":59,"column":8},"end":{"line":59,"column":46}}],"line":58},"12":{"loc":{"start":{"line":62,"column":13},"end":{"line":64,"column":7}},"type":"if","locations":[{"start":{"line":62,"column":13},"end":{"line":64,"column":7}},{"start":{},"end":{}}],"line":62},"13":{"loc":{"start":{"line":72,"column":4},"end":{"line":76,"column":5}},"type":"if","locations":[{"start":{"line":72,"column":4},"end":{"line":76,"column":5}},{"start":{"line":74,"column":11},"end":{"line":76,"column":5}}],"line":72},"14":{"loc":{"start":{"line":74,"column":11},"end":{"line":76,"column":5}},"type":"if","locations":[{"start":{"line":74,"column":11},"end":{"line":76,"column":5}},{"start":{},"end":{}}],"line":74},"15":{"loc":{"start":{"line":81,"column":4},"end":{"line":86,"column":5}},"type":"if","locations":[{"start":{"line":81,"column":4},"end":{"line":86,"column":5}},{"start":{"line":84,"column":11},"end":{"line":86,"column":5}}],"line":81},"16":{"loc":{"start":{"line":81,"column":8},"end":{"line":81,"column":45}},"type":"binary-expr","locations":[{"start":{"line":81,"column":8},"end":{"line":81,"column":15}},{"start":{"line":81,"column":19},"end":{"line":81,"column":45}}],"line":81}},"s":{"0":2,"1":2,"2":1,"3":1,"4":0,"5":0,"6":1,"7":1,"8":1,"9":5,"10":0,"11":5,"12":0,"13":0,"14":1,"15":1,"16":1,"17":1,"18":1,"19":5,"20":0,"21":5,"22":2,"23":3,"24":3,"25":1,"26":1,"27":0,"28":0,"29":0,"30":1,"31":1,"32":1,"33":5,"34":0,"35":5,"36":0,"37":0,"38":1,"39":1,"40":1,"41":1,"42":5,"43":2,"44":3,"45":3,"46":1,"47":1,"48":1,"49":1,"50":8,"51":1,"52":1,"53":7,"54":1,"55":1},"f":{"0":2,"1":1,"2":1},"b":{"0":[1,1,0],"1":[0,5],"2":[5,5],"3":[0,5],"4":[0,5],"5":[5,5],"6":[2,3],"7":[3,0],"8":[1,0],"9":[0,0],"10":[0,5],"11":[5,5],"12":[0,5],"13":[2,3],"14":[3,0],"15":[1,7],"16":[8,7]},"_coverageSchema":"1a1c01bbd47fc00a2c39e90264f33305004495a9","hash":"4ef5cc08fe14e337caea92c2d3cb0abe1449a26e"}
}
