TN:
SF:viagem.js
FN:1,gastoCombutivel
FN:14,qntParadas
FN:54,valorRefeicoes
FNF:3
FNH:3
FNDA:2,gastoCombutivel
FNDA:1,qntParadas
FNDA:1,valorRefeicoes
DA:2,2
DA:3,2
DA:5,1
DA:7,1
DA:9,0
DA:10,0
DA:15,1
DA:16,1
DA:17,5
DA:21,0
DA:22,5
DA:23,0
DA:27,0
DA:30,1
DA:31,1
DA:32,1
DA:33,1
DA:34,5
DA:38,0
DA:39,5
DA:40,2
DA:41,3
DA:42,3
DA:45,1
DA:46,1
DA:47,0
DA:48,0
DA:50,0
DA:55,1
DA:56,1
DA:57,5
DA:61,0
DA:62,5
DA:63,0
DA:67,0
DA:69,1
DA:70,1
DA:71,1
DA:72,5
DA:73,2
DA:74,3
DA:75,3
DA:78,1
DA:79,1
DA:80,1
DA:81,8
DA:82,1
DA:83,1
DA:85,7
DA:88,1
DA:91,1
LF:51
LH:39
BRDA:3,0,0,1
BRDA:3,0,1,1
BRDA:3,0,2,0
BRDA:17,1,0,0
BRDA:17,1,1,5
BRDA:18,2,0,5
BRDA:18,2,1,5
BRDA:22,3,0,0
BRDA:22,3,1,5
BRDA:34,4,0,0
BRDA:34,4,1,5
BRDA:35,5,0,5
BRDA:35,5,1,5
BRDA:39,6,0,2
BRDA:39,6,1,3
BRDA:41,7,0,3
BRDA:41,7,1,0
BRDA:45,8,0,1
BRDA:45,8,1,0
BRDA:47,9,0,0
BRDA:47,9,1,0
BRDA:57,10,0,0
BRDA:57,10,1,5
BRDA:58,11,0,5
BRDA:58,11,1,5
BRDA:62,12,0,0
BRDA:62,12,1,5
BRDA:72,13,0,2
BRDA:72,13,1,3
BRDA:74,14,0,3
BRDA:74,14,1,0
BRDA:81,15,0,1
BRDA:81,15,1,7
BRDA:81,16,0,8
BRDA:81,16,1,7
BRF:35
BRH:24
end_of_record
